mode: set
github.com/skhatri/go-fns/lib/converters/fns.go:12.54,14.16 2 1
github.com/skhatri/go-fns/lib/converters/fns.go:14.16,16.3 1 1
github.com/skhatri/go-fns/lib/converters/fns.go:17.2,18.16 2 1
github.com/skhatri/go-fns/lib/converters/fns.go:18.16,20.3 1 1
github.com/skhatri/go-fns/lib/converters/fns.go:21.2,21.12 1 1
github.com/skhatri/go-fns/lib/converters/fns.go:24.58,26.16 2 1
github.com/skhatri/go-fns/lib/converters/fns.go:26.16,28.3 1 1
github.com/skhatri/go-fns/lib/converters/fns.go:29.2,30.16 2 1
github.com/skhatri/go-fns/lib/converters/fns.go:30.16,32.3 1 1
github.com/skhatri/go-fns/lib/converters/fns.go:33.2,33.12 1 1
github.com/skhatri/go-fns/lib/converters/fns.go:36.57,38.16 2 1
github.com/skhatri/go-fns/lib/converters/fns.go:38.16,40.3 1 1
github.com/skhatri/go-fns/lib/converters/fns.go:41.2,41.12 1 1
github.com/skhatri/go-fns/lib/converters/fns.go:44.57,46.16 2 1
github.com/skhatri/go-fns/lib/converters/fns.go:46.16,48.3 1 1
github.com/skhatri/go-fns/lib/converters/fns.go:49.2,49.12 1 1
github.com/skhatri/go-fns/lib/converters/fns.go:52.58,54.23 2 1
github.com/skhatri/go-fns/lib/converters/fns.go:54.23,56.3 1 1
github.com/skhatri/go-fns/lib/converters/fns.go:57.2,57.46 1 1
github.com/skhatri/go-fns/lib/converters/fns.go:60.58,62.16 2 1
github.com/skhatri/go-fns/lib/converters/fns.go:62.16,64.3 1 1
github.com/skhatri/go-fns/lib/converters/fns.go:65.2,65.46 1 1
github.com/skhatri/go-fns/lib/converters/fns.go:68.64,70.14 2 1
github.com/skhatri/go-fns/lib/converters/fns.go:70.14,72.3 1 1
github.com/skhatri/go-fns/lib/converters/fns.go:73.2,73.46 1 1
github.com/skhatri/go-fns/lib/converters/fns.go:76.45,78.16 2 1
github.com/skhatri/go-fns/lib/converters/fns.go:78.16,80.3 1 1
github.com/skhatri/go-fns/lib/converters/fns.go:81.2,81.11 1 1
github.com/skhatri/go-fns/lib/converters/fns.go:84.65,87.12 3 1
github.com/skhatri/go-fns/lib/converters/fns.go:87.12,89.3 1 1
github.com/skhatri/go-fns/lib/converters/fns.go:90.2,91.16 2 1
github.com/skhatri/go-fns/lib/converters/fns.go:91.16,93.3 1 1
github.com/skhatri/go-fns/lib/converters/fns.go:94.2,94.17 1 1
github.com/skhatri/go-fns/lib/converters/fns.go:97.51,99.16 2 1
github.com/skhatri/go-fns/lib/converters/fns.go:99.16,101.3 1 1
github.com/skhatri/go-fns/lib/converters/fns.go:102.2,102.11 1 1
github.com/skhatri/go-fns/lib/converters/fns.go:105.49,108.16 3 1
github.com/skhatri/go-fns/lib/converters/fns.go:108.16,110.3 1 1
github.com/skhatri/go-fns/lib/converters/fns.go:111.2,111.38 1 1
github.com/skhatri/go-fns/lib/collections/maps.go:3.102,5.44 2 1
github.com/skhatri/go-fns/lib/collections/maps.go:5.44,8.3 2 1
github.com/skhatri/go-fns/lib/collections/maps.go:9.2,9.12 1 1
github.com/skhatri/go-fns/lib/collections/maps.go:12.83,14.22 2 1
github.com/skhatri/go-fns/lib/collections/maps.go:14.22,15.14 1 1
github.com/skhatri/go-fns/lib/collections/maps.go:15.14,17.4 1 1
github.com/skhatri/go-fns/lib/collections/maps.go:19.2,19.20 1 1
github.com/skhatri/go-fns/lib/collections/maps.go:22.53,23.23 1 1
github.com/skhatri/go-fns/lib/collections/maps.go:24.35,27.23 3 1
github.com/skhatri/go-fns/lib/collections/maps.go:27.23,29.4 1 1
github.com/skhatri/go-fns/lib/collections/maps.go:30.3,30.16 1 1
github.com/skhatri/go-fns/lib/collections/maps.go:32.30,35.53 2 1
github.com/skhatri/go-fns/lib/collections/maps.go:35.53,37.4 1 1
github.com/skhatri/go-fns/lib/collections/maps.go:38.3,38.16 1 1
github.com/skhatri/go-fns/lib/collections/maps.go:39.21,41.56 2 1
github.com/skhatri/go-fns/lib/collections/maps.go:41.56,43.4 1 1
github.com/skhatri/go-fns/lib/collections/maps.go:44.3,44.15 1 1
github.com/skhatri/go-fns/lib/collections/maps.go:45.10,46.16 1 1
github.com/skhatri/go-fns/lib/collections/maps.go:50.71,51.24 1 1
github.com/skhatri/go-fns/lib/collections/maps.go:51.24,53.3 1 1
github.com/skhatri/go-fns/lib/collections/sets.go:8.48,11.29 3 1
github.com/skhatri/go-fns/lib/collections/sets.go:11.29,12.32 1 1
github.com/skhatri/go-fns/lib/collections/sets.go:12.32,15.6 2 1
github.com/skhatri/go-fns/lib/collections/sets.go:17.2,20.3 1 1
github.com/skhatri/go-fns/lib/collections/sets.go:23.87,26.29 3 1
github.com/skhatri/go-fns/lib/collections/sets.go:26.29,28.31 2 1
github.com/skhatri/go-fns/lib/collections/sets.go:28.31,31.6 2 1
github.com/skhatri/go-fns/lib/collections/sets.go:33.2,36.3 1 1
github.com/skhatri/go-fns/lib/collections/sets.go:39.42,40.29 1 1
github.com/skhatri/go-fns/lib/collections/sets.go:40.29,42.3 1 1
github.com/skhatri/go-fns/lib/collections/sets.go:43.2,43.14 1 1
github.com/skhatri/go-fns/lib/collections/sets.go:46.65,48.32 2 1
github.com/skhatri/go-fns/lib/collections/sets.go:48.32,51.3 2 1
github.com/skhatri/go-fns/lib/collections/sets.go:54.39,56.2 1 1
github.com/skhatri/go-fns/lib/collections/sets.go:58.61,59.29 1 1
github.com/skhatri/go-fns/lib/collections/sets.go:59.29,61.3 1 1
github.com/skhatri/go-fns/lib/collections/sets.go:64.36,66.2 1 1
github.com/skhatri/go-fns/lib/collections/sets.go:68.40,70.22 2 1
github.com/skhatri/go-fns/lib/collections/sets.go:70.22,72.3 1 1
github.com/skhatri/go-fns/lib/collections/sets.go:73.2,73.13 1 1
github.com/skhatri/go-fns/lib/expr/expressions.go:11.43,13.18 2 1
github.com/skhatri/go-fns/lib/expr/expressions.go:13.18,15.3 1 1
github.com/skhatri/go-fns/lib/expr/expressions.go:16.2,18.33 3 1
github.com/skhatri/go-fns/lib/expr/expressions.go:18.33,20.3 1 1
github.com/skhatri/go-fns/lib/expr/expressions.go:21.2,23.14 3 1
github.com/skhatri/go-fns/lib/expr/expressions.go:23.14,25.3 1 1
github.com/skhatri/go-fns/lib/expr/expressions.go:26.2,28.12 3 1
github.com/skhatri/go-fns/lib/expr/expressions.go:29.12,30.20 1 1
github.com/skhatri/go-fns/lib/expr/expressions.go:31.10,32.20 1 1
github.com/skhatri/go-fns/lib/fs/dir.go:10.40,12.16 2 1
github.com/skhatri/go-fns/lib/fs/dir.go:12.16,14.3 1 1
github.com/skhatri/go-fns/lib/fs/dir.go:15.2,15.24 1 1
github.com/skhatri/go-fns/lib/fs/dir.go:18.35,20.14 2 1
github.com/skhatri/go-fns/lib/fs/dir.go:20.14,22.3 1 1
github.com/skhatri/go-fns/lib/fs/dir.go:23.2,23.37 1 1
github.com/skhatri/go-fns/lib/fs/dir.go:26.60,27.15 1 1
github.com/skhatri/go-fns/lib/fs/dir.go:27.15,29.3 1 1
github.com/skhatri/go-fns/lib/fs/dir.go:29.8,31.3 1 1
github.com/skhatri/go-fns/lib/fs/dir.go:34.43,36.14 2 1
github.com/skhatri/go-fns/lib/fs/dir.go:36.14,38.3 1 1
github.com/skhatri/go-fns/lib/fs/dir.go:39.2,39.37 1 1
github.com/skhatri/go-fns/lib/fs/dir.go:42.35,44.14 2 1
github.com/skhatri/go-fns/lib/fs/dir.go:44.14,46.3 1 1
github.com/skhatri/go-fns/lib/fs/dir.go:47.2,47.50 1 1
github.com/skhatri/go-fns/lib/fs/dir.go:50.46,52.14 2 1
github.com/skhatri/go-fns/lib/fs/dir.go:52.14,54.3 1 1
github.com/skhatri/go-fns/lib/fs/dir.go:55.2,55.12 1 1
github.com/skhatri/go-fns/lib/fs/dir.go:58.48,60.16 2 1
github.com/skhatri/go-fns/lib/fs/dir.go:60.16,62.3 1 1
github.com/skhatri/go-fns/lib/fs/dir.go:63.2,66.16 3 1
github.com/skhatri/go-fns/lib/fs/dir.go:66.16,68.3 1 1
github.com/skhatri/go-fns/lib/fs/dir.go:69.2,69.21 1 1
github.com/skhatri/go-fns/lib/fs/dir.go:72.42,74.16 2 1
github.com/skhatri/go-fns/lib/fs/dir.go:74.16,76.3 1 1
github.com/skhatri/go-fns/lib/fs/dir.go:77.2,77.16 1 1
github.com/skhatri/go-fns/lib/fs/dir.go:80.32,82.2 1 1
github.com/skhatri/go-fns/lib/fs/file_ops.go:9.60,11.44 2 1
github.com/skhatri/go-fns/lib/fs/file_ops.go:11.44,14.21 3 1
github.com/skhatri/go-fns/lib/fs/file_ops.go:14.21,16.4 1 1
github.com/skhatri/go-fns/lib/fs/file_ops.go:17.3,17.31 1 1
github.com/skhatri/go-fns/lib/fs/file_ops.go:18.8,20.3 1 1
github.com/skhatri/go-fns/lib/fs/file_ops.go:21.2,21.22 1 1
github.com/skhatri/go-fns/lib/fs/file_ops.go:24.54,26.65 2 1
github.com/skhatri/go-fns/lib/fs/file_ops.go:26.65,27.32 1 1
github.com/skhatri/go-fns/lib/fs/file_ops.go:27.32,28.65 1 1
github.com/skhatri/go-fns/lib/fs/file_ops.go:28.65,30.5 1 1
github.com/skhatri/go-fns/lib/fs/file_ops.go:32.3,32.13 1 1
github.com/skhatri/go-fns/lib/fs/file_ops.go:34.2,35.14 2 1
github.com/skhatri/go-fns/lib/types/regexpression.go:11.43,13.16 2 1
github.com/skhatri/go-fns/lib/types/regexpression.go:13.16,15.3 1 1
github.com/skhatri/go-fns/lib/types/regexpression.go:16.2,16.25 1 1
github.com/skhatri/go-fns/lib/types/regexpression.go:19.48,21.2 1 1
github.com/skhatri/go-fns/lib/types/regexpression.go:23.51,25.16 2 1
github.com/skhatri/go-fns/lib/types/regexpression.go:25.16,27.3 1 1
github.com/skhatri/go-fns/lib/types/regexpression.go:28.2,29.12 2 1
github.com/skhatri/go-fns/lib/types/regexpression.go:32.41,34.17 2 1
github.com/skhatri/go-fns/lib/types/regexpression.go:34.17,35.15 1 1
github.com/skhatri/go-fns/lib/types/regexpression.go:37.3,37.13 1 1
