mode: set
github.com/skhatri/go-fns/lib/converters/fns.go:12.54,14.16 2 1
github.com/skhatri/go-fns/lib/converters/fns.go:14.16,16.3 1 1
github.com/skhatri/go-fns/lib/converters/fns.go:17.2,18.16 2 1
github.com/skhatri/go-fns/lib/converters/fns.go:18.16,20.3 1 1
github.com/skhatri/go-fns/lib/converters/fns.go:21.2,21.12 1 1
github.com/skhatri/go-fns/lib/converters/fns.go:24.58,26.16 2 1
github.com/skhatri/go-fns/lib/converters/fns.go:26.16,28.3 1 1
github.com/skhatri/go-fns/lib/converters/fns.go:29.2,30.16 2 1
github.com/skhatri/go-fns/lib/converters/fns.go:30.16,32.3 1 1
github.com/skhatri/go-fns/lib/converters/fns.go:33.2,33.12 1 1
github.com/skhatri/go-fns/lib/converters/fns.go:36.57,38.16 2 1
github.com/skhatri/go-fns/lib/converters/fns.go:38.16,40.3 1 1
github.com/skhatri/go-fns/lib/converters/fns.go:41.2,41.12 1 1
github.com/skhatri/go-fns/lib/converters/fns.go:44.57,46.16 2 1
github.com/skhatri/go-fns/lib/converters/fns.go:46.16,48.3 1 1
github.com/skhatri/go-fns/lib/converters/fns.go:49.2,49.12 1 1
github.com/skhatri/go-fns/lib/converters/fns.go:52.58,54.23 2 1
github.com/skhatri/go-fns/lib/converters/fns.go:54.23,56.3 1 1
github.com/skhatri/go-fns/lib/converters/fns.go:57.2,57.46 1 1
github.com/skhatri/go-fns/lib/converters/fns.go:60.58,62.16 2 1
github.com/skhatri/go-fns/lib/converters/fns.go:62.16,64.3 1 1
github.com/skhatri/go-fns/lib/converters/fns.go:65.2,65.46 1 1
github.com/skhatri/go-fns/lib/converters/fns.go:68.64,70.14 2 1
github.com/skhatri/go-fns/lib/converters/fns.go:70.14,72.3 1 1
github.com/skhatri/go-fns/lib/converters/fns.go:73.2,73.46 1 1
github.com/skhatri/go-fns/lib/converters/fns.go:76.45,78.16 2 1
github.com/skhatri/go-fns/lib/converters/fns.go:78.16,80.3 1 1
github.com/skhatri/go-fns/lib/converters/fns.go:81.2,81.11 1 1
github.com/skhatri/go-fns/lib/converters/fns.go:84.65,87.12 3 1
github.com/skhatri/go-fns/lib/converters/fns.go:87.12,89.3 1 1
github.com/skhatri/go-fns/lib/converters/fns.go:90.2,91.16 2 1
github.com/skhatri/go-fns/lib/converters/fns.go:91.16,93.3 1 1
github.com/skhatri/go-fns/lib/converters/fns.go:94.2,94.17 1 1
github.com/skhatri/go-fns/lib/converters/fns.go:97.51,99.16 2 1
github.com/skhatri/go-fns/lib/converters/fns.go:99.16,101.3 1 1
github.com/skhatri/go-fns/lib/converters/fns.go:102.2,102.11 1 1
github.com/skhatri/go-fns/lib/converters/fns.go:105.49,108.16 3 1
github.com/skhatri/go-fns/lib/converters/fns.go:108.16,110.3 1 1
github.com/skhatri/go-fns/lib/converters/fns.go:111.2,111.38 1 1
