mode: set
github.com/skhatri/go-fns/lib/fs/dir.go:10.40,12.16 2 1
github.com/skhatri/go-fns/lib/fs/dir.go:12.16,14.3 1 1
github.com/skhatri/go-fns/lib/fs/dir.go:15.2,15.24 1 1
github.com/skhatri/go-fns/lib/fs/dir.go:18.35,20.14 2 1
github.com/skhatri/go-fns/lib/fs/dir.go:20.14,22.3 1 1
github.com/skhatri/go-fns/lib/fs/dir.go:23.2,23.37 1 1
github.com/skhatri/go-fns/lib/fs/dir.go:26.60,27.15 1 1
github.com/skhatri/go-fns/lib/fs/dir.go:27.15,29.3 1 1
github.com/skhatri/go-fns/lib/fs/dir.go:29.8,31.3 1 1
github.com/skhatri/go-fns/lib/fs/dir.go:34.43,36.14 2 1
github.com/skhatri/go-fns/lib/fs/dir.go:36.14,38.3 1 1
github.com/skhatri/go-fns/lib/fs/dir.go:39.2,39.37 1 1
github.com/skhatri/go-fns/lib/fs/dir.go:42.35,44.14 2 1
github.com/skhatri/go-fns/lib/fs/dir.go:44.14,46.3 1 1
github.com/skhatri/go-fns/lib/fs/dir.go:47.2,47.50 1 1
github.com/skhatri/go-fns/lib/fs/dir.go:50.46,52.14 2 1
github.com/skhatri/go-fns/lib/fs/dir.go:52.14,54.3 1 1
github.com/skhatri/go-fns/lib/fs/dir.go:55.2,55.12 1 1
github.com/skhatri/go-fns/lib/fs/dir.go:58.48,60.16 2 1
github.com/skhatri/go-fns/lib/fs/dir.go:60.16,62.3 1 1
github.com/skhatri/go-fns/lib/fs/dir.go:63.2,66.16 3 1
github.com/skhatri/go-fns/lib/fs/dir.go:66.16,68.3 1 1
github.com/skhatri/go-fns/lib/fs/dir.go:69.2,69.21 1 1
github.com/skhatri/go-fns/lib/fs/dir.go:72.42,74.16 2 1
github.com/skhatri/go-fns/lib/fs/dir.go:74.16,76.3 1 1
github.com/skhatri/go-fns/lib/fs/dir.go:77.2,77.16 1 1
github.com/skhatri/go-fns/lib/fs/dir.go:80.32,82.2 1 1
github.com/skhatri/go-fns/lib/fs/file_ops.go:9.60,11.44 2 1
github.com/skhatri/go-fns/lib/fs/file_ops.go:11.44,14.21 3 1
github.com/skhatri/go-fns/lib/fs/file_ops.go:14.21,16.4 1 1
github.com/skhatri/go-fns/lib/fs/file_ops.go:17.3,17.31 1 1
github.com/skhatri/go-fns/lib/fs/file_ops.go:18.8,20.3 1 1
github.com/skhatri/go-fns/lib/fs/file_ops.go:21.2,21.22 1 1
github.com/skhatri/go-fns/lib/fs/file_ops.go:24.54,26.65 2 1
github.com/skhatri/go-fns/lib/fs/file_ops.go:26.65,27.32 1 1
github.com/skhatri/go-fns/lib/fs/file_ops.go:27.32,28.65 1 1
github.com/skhatri/go-fns/lib/fs/file_ops.go:28.65,30.5 1 1
github.com/skhatri/go-fns/lib/fs/file_ops.go:32.3,32.13 1 1
github.com/skhatri/go-fns/lib/fs/file_ops.go:34.2,35.14 2 1
