mode: set
github.com/skhatri/go-fns/lib/collections/maps.go:3.102,5.44 2 1
github.com/skhatri/go-fns/lib/collections/maps.go:5.44,8.3 2 1
github.com/skhatri/go-fns/lib/collections/maps.go:9.2,9.12 1 1
github.com/skhatri/go-fns/lib/collections/maps.go:12.83,14.22 2 1
github.com/skhatri/go-fns/lib/collections/maps.go:14.22,15.14 1 1
github.com/skhatri/go-fns/lib/collections/maps.go:15.14,17.4 1 1
github.com/skhatri/go-fns/lib/collections/maps.go:19.2,19.20 1 1
github.com/skhatri/go-fns/lib/collections/maps.go:22.53,23.23 1 1
github.com/skhatri/go-fns/lib/collections/maps.go:24.35,27.23 3 1
github.com/skhatri/go-fns/lib/collections/maps.go:27.23,29.4 1 1
github.com/skhatri/go-fns/lib/collections/maps.go:30.3,30.16 1 1
github.com/skhatri/go-fns/lib/collections/maps.go:32.30,35.53 2 1
github.com/skhatri/go-fns/lib/collections/maps.go:35.53,37.4 1 1
github.com/skhatri/go-fns/lib/collections/maps.go:38.3,38.16 1 1
github.com/skhatri/go-fns/lib/collections/maps.go:39.21,41.56 2 1
github.com/skhatri/go-fns/lib/collections/maps.go:41.56,43.4 1 1
github.com/skhatri/go-fns/lib/collections/maps.go:44.3,44.15 1 1
github.com/skhatri/go-fns/lib/collections/maps.go:45.10,46.16 1 1
github.com/skhatri/go-fns/lib/collections/maps.go:50.71,51.24 1 1
github.com/skhatri/go-fns/lib/collections/maps.go:51.24,53.3 1 1
github.com/skhatri/go-fns/lib/collections/sets.go:8.48,11.29 3 1
github.com/skhatri/go-fns/lib/collections/sets.go:11.29,12.32 1 1
github.com/skhatri/go-fns/lib/collections/sets.go:12.32,15.6 2 1
github.com/skhatri/go-fns/lib/collections/sets.go:17.2,20.3 1 1
github.com/skhatri/go-fns/lib/collections/sets.go:23.87,26.29 3 1
github.com/skhatri/go-fns/lib/collections/sets.go:26.29,28.31 2 1
github.com/skhatri/go-fns/lib/collections/sets.go:28.31,31.6 2 1
github.com/skhatri/go-fns/lib/collections/sets.go:33.2,36.3 1 1
github.com/skhatri/go-fns/lib/collections/sets.go:39.42,40.29 1 1
github.com/skhatri/go-fns/lib/collections/sets.go:40.29,42.3 1 1
github.com/skhatri/go-fns/lib/collections/sets.go:43.2,43.14 1 1
github.com/skhatri/go-fns/lib/collections/sets.go:46.65,48.32 2 1
github.com/skhatri/go-fns/lib/collections/sets.go:48.32,51.3 2 1
github.com/skhatri/go-fns/lib/collections/sets.go:54.39,56.2 1 1
github.com/skhatri/go-fns/lib/collections/sets.go:58.61,59.29 1 1
github.com/skhatri/go-fns/lib/collections/sets.go:59.29,61.3 1 1
github.com/skhatri/go-fns/lib/collections/sets.go:64.36,66.2 1 1
github.com/skhatri/go-fns/lib/collections/sets.go:68.40,70.22 2 1
github.com/skhatri/go-fns/lib/collections/sets.go:70.22,72.3 1 1
github.com/skhatri/go-fns/lib/collections/sets.go:73.2,73.13 1 1
